This is pdfTeX, Version 3.14159265-2.6-1.40.17 (TeX Live 2016) (preloaded format=pdflatex 2016.5.22)  28 FEB 2018 20:09
entering extended mode
 restricted \write18 enabled.
 file:line:error style messages enabled.
 %&-line parsing enabled.
**idetc2018.tex
(./idetc2018.tex
LaTeX2e <2016/03/31>
Babel <3.9r> and hyphenation patterns for 83 language(s) loaded.
(./asme2ej.cls

LaTeX Warning: You have requested document class `asme2ej',
               but the document class provides `asme2e'.

Document Class: asme2e 2001/2/14 v2.0 Standard LaTeX document class
(/usr/local/texlive/2016/texmf-dist/tex/latex/base/ifthen.sty
Package: ifthen 2014/09/29 v1.1c Standard LaTeX ifthen package (DPC)
)
(/usr/local/texlive/2016/texmf-dist/tex/latex/psnfss/times.sty
Package: times 2005/04/12 PSNFSS-v9.2a (SPQR) 
)
(/usr/local/texlive/2016/texmf-dist/tex/latex/psnfss/mathptm.sty
Package: mathptm 2005/04/12 PSNFSS-v9.2a Times w/ Math (SPQR, WaS) 


Package mathptm Warning: This package is to be regarded as obsolete.
(mathptm)                See the PSNFSS documentation.

LaTeX Font Info:    Redeclaring symbol font `operators' on input line 31.
LaTeX Font Info:    Overwriting symbol font `operators' in version `normal'
(Font)                  OT1/cmr/m/n --> OT1/ptmcm/m/n on input line 31.
LaTeX Font Info:    Overwriting symbol font `operators' in version `bold'
(Font)                  OT1/cmr/bx/n --> OT1/ptmcm/m/n on input line 31.
LaTeX Font Info:    Redeclaring symbol font `letters' on input line 32.
LaTeX Font Info:    Overwriting symbol font `letters' in version `normal'
(Font)                  OML/cmm/m/it --> OML/ptmcm/m/it on input line 32.
LaTeX Font Info:    Overwriting symbol font `letters' in version `bold'
(Font)                  OML/cmm/b/it --> OML/ptmcm/m/it on input line 32.
LaTeX Font Info:    Redeclaring symbol font `symbols' on input line 33.
LaTeX Font Info:    Overwriting symbol font `symbols' in version `normal'
(Font)                  OMS/cmsy/m/n --> OMS/pzccm/m/n on input line 33.
LaTeX Font Info:    Overwriting symbol font `symbols' in version `bold'
(Font)                  OMS/cmsy/b/n --> OMS/pzccm/m/n on input line 33.
LaTeX Font Info:    Redeclaring symbol font `largesymbols' on input line 34.
LaTeX Font Info:    Overwriting symbol font `largesymbols' in version `normal'
(Font)                  OMX/cmex/m/n --> OMX/psycm/m/n on input line 34.
LaTeX Font Info:    Overwriting symbol font `largesymbols' in version `bold'
(Font)                  OMX/cmex/m/n --> OMX/psycm/m/n on input line 34.
\symbold=\mathgroup4
\symitalic=\mathgroup5
LaTeX Font Info:    Redeclaring math alphabet \mathbf on input line 37.
LaTeX Font Info:    Overwriting math alphabet `\mathbf' in version `normal'
(Font)                  OT1/cmr/bx/n --> OT1/ptm/bx/n on input line 37.
LaTeX Font Info:    Overwriting math alphabet `\mathbf' in version `bold'
(Font)                  OT1/cmr/bx/n --> OT1/ptm/bx/n on input line 37.
LaTeX Font Info:    Redeclaring math alphabet \mathit on input line 38.
LaTeX Font Info:    Overwriting math alphabet `\mathit' in version `normal'
(Font)                  OT1/cmr/m/it --> OT1/ptm/m/it on input line 38.
LaTeX Font Info:    Overwriting math alphabet `\mathit' in version `bold'
(Font)                  OT1/cmr/bx/it --> OT1/ptm/m/it on input line 38.
) (/usr/local/texlive/2016/texmf-dist/tex/generic/oberdiek/ifpdf.sty
Package: ifpdf 2016/05/14 v3.1 Provides the ifpdf switch
)
Ten Point
LaTeX Font Info:    Try loading font information for OT1+phv on input line 301.

(/usr/local/texlive/2016/texmf-dist/tex/latex/psnfss/ot1phv.fd
File: ot1phv.fd 2001/06/04 scalable font definitions for OT1/phv.
)
\c@part=\count79
\c@section=\count80
\c@subsection=\count81
\c@subsubsection=\count82
\c@paragraph=\count83
\c@subparagraph=\count84
\tempbox=\box26
\c@figure=\count85
\c@table=\count86
\@authcnt=\count87
\@tmpcnt=\count88
\bibindent=\dimen102
\tempbox=\box27
\minute=\count89
\hour=\count90
)
(/usr/local/texlive/2016/texmf-dist/tex/latex/graphics/epsfig.sty
Package: epsfig 1999/02/16 v1.7a (e)psfig emulation (SPQR)

(/usr/local/texlive/2016/texmf-dist/tex/latex/graphics/graphicx.sty
Package: graphicx 2014/10/28 v1.0g Enhanced LaTeX Graphics (DPC,SPQR)

(/usr/local/texlive/2016/texmf-dist/tex/latex/graphics/keyval.sty
Package: keyval 2014/10/28 v1.15 key=value parser (DPC)
\KV@toks@=\toks14
)
(/usr/local/texlive/2016/texmf-dist/tex/latex/graphics/graphics.sty
Package: graphics 2016/05/09 v1.0r Standard LaTeX Graphics (DPC,SPQR)

(/usr/local/texlive/2016/texmf-dist/tex/latex/graphics/trig.sty
Package: trig 2016/01/03 v1.10 sin cos tan (DPC)
)
(/usr/local/texlive/2016/texmf-dist/tex/latex/graphics-cfg/graphics.cfg
File: graphics.cfg 2016/01/02 v1.10 sample graphics configuration
)
Package graphics Info: Driver file: pdftex.def on input line 96.

(/usr/local/texlive/2016/texmf-dist/tex/latex/pdftex-def/pdftex.def
File: pdftex.def 2011/05/27 v0.06d Graphics/color for pdfTeX

(/usr/local/texlive/2016/texmf-dist/tex/generic/oberdiek/infwarerr.sty
Package: infwarerr 2016/05/16 v1.4 Providing info/warning/error messages (HO)
)
(/usr/local/texlive/2016/texmf-dist/tex/generic/oberdiek/ltxcmds.sty
Package: ltxcmds 2016/05/16 v1.23 LaTeX kernel commands for general use (HO)
)
\Gread@gobject=\count91
))
\Gin@req@height=\dimen103
\Gin@req@width=\dimen104
)
\epsfxsize=\dimen105
\epsfysize=\dimen106
)
(/usr/local/texlive/2016/texmf-dist/tex/latex/oberdiek/epstopdf.sty
Package: epstopdf 2016/05/15 v2.6 Conversion with epstopdf on the fly (HO)

(/usr/local/texlive/2016/texmf-dist/tex/latex/oberdiek/epstopdf-base.sty
Package: epstopdf-base 2016/05/15 v2.6 Base part for package epstopdf

(/usr/local/texlive/2016/texmf-dist/tex/latex/oberdiek/grfext.sty
Package: grfext 2016/05/16 v1.2 Manage graphics extensions (HO)

(/usr/local/texlive/2016/texmf-dist/tex/generic/oberdiek/kvdefinekeys.sty
Package: kvdefinekeys 2016/05/16 v1.4 Define keys (HO)
))
(/usr/local/texlive/2016/texmf-dist/tex/latex/oberdiek/kvoptions.sty
Package: kvoptions 2016/05/16 v3.12 Key value format for package options (HO)

(/usr/local/texlive/2016/texmf-dist/tex/generic/oberdiek/kvsetkeys.sty
Package: kvsetkeys 2016/05/16 v1.17 Key value parser (HO)

(/usr/local/texlive/2016/texmf-dist/tex/generic/oberdiek/etexcmds.sty
Package: etexcmds 2016/05/16 v1.6 Avoid name clashes with e-TeX commands (HO)

(/usr/local/texlive/2016/texmf-dist/tex/generic/oberdiek/ifluatex.sty
Package: ifluatex 2016/05/16 v1.4 Provides the ifluatex switch (HO)
Package ifluatex Info: LuaTeX not detected.
)
Package etexcmds Info: Could not find \expanded.
(etexcmds)             That can mean that you are not using pdfTeX 1.50 or
(etexcmds)             that some package has redefined \expanded.
(etexcmds)             In the latter case, load this package earlier.
)))
(/usr/local/texlive/2016/texmf-dist/tex/generic/oberdiek/pdftexcmds.sty
Package: pdftexcmds 2016/05/10 v0.21 Utility functions of pdfTeX for LuaTeX (HO
)
Package pdftexcmds Info: LuaTeX not detected.
Package pdftexcmds Info: \pdf@primitive is available.
Package pdftexcmds Info: \pdf@ifprimitive is available.
Package pdftexcmds Info: \pdfdraftmode found.
)
Package grfext Info: Graphics extension search list:
(grfext)             [.png,.pdf,.jpg,.mps,.jpeg,.jbig2,.jb2,.PNG,.PDF,.JPG,.JPE
G,.JBIG2,.JB2,.eps]
(grfext)             \AppendGraphicsExtensions on input line 456.

(/usr/local/texlive/2016/texmf-dist/tex/latex/latexconfig/epstopdf-sys.cfg
File: epstopdf-sys.cfg 2010/07/13 v1.3 Configuration of (r)epstopdf for TeX Liv
e
)))
(/usr/local/texlive/2016/texmf-dist/tex/latex/graphics/color.sty
Package: color 2016/05/09 v1.1c Standard LaTeX Color (DPC)

(/usr/local/texlive/2016/texmf-dist/tex/latex/graphics-cfg/color.cfg
File: color.cfg 2016/01/02 v1.6 sample color configuration
)
Package color Info: Driver file: pdftex.def on input line 144.
)
(/usr/local/texlive/2016/texmf-dist/tex/latex/wrapfig/wrapfig.sty
\wrapoverhang=\dimen107
\WF@size=\dimen108
\c@WF@wrappedlines=\count92
\WF@box=\box28
\WF@everypar=\toks15
Package: wrapfig 2003/01/31  v 3.6
)
(/usr/local/texlive/2016/texmf-dist/tex/latex/hyperref/hyperref.sty
Package: hyperref 2016/05/05 v6.83n Hypertext links for LaTeX

(/usr/local/texlive/2016/texmf-dist/tex/generic/oberdiek/hobsub-hyperref.sty
Package: hobsub-hyperref 2016/05/16 v1.14 Bundle oberdiek, subset hyperref (HO)


(/usr/local/texlive/2016/texmf-dist/tex/generic/oberdiek/hobsub-generic.sty
Package: hobsub-generic 2016/05/16 v1.14 Bundle oberdiek, subset generic (HO)
Package: hobsub 2016/05/16 v1.14 Construct package bundles (HO)
Package hobsub Info: Skipping package `infwarerr' (already loaded).
Package hobsub Info: Skipping package `ltxcmds' (already loaded).
Package hobsub Info: Skipping package `ifluatex' (already loaded).
Package: ifvtex 2016/05/16 v1.6 Detect VTeX and its facilities (HO)
Package ifvtex Info: VTeX not detected.
Package: intcalc 2016/05/16 v1.2 Expandable calculations with integers (HO)
Package hobsub Info: Skipping package `ifpdf' (already loaded).
Package hobsub Info: Skipping package `etexcmds' (already loaded).
Package hobsub Info: Skipping package `kvsetkeys' (already loaded).
Package hobsub Info: Skipping package `kvdefinekeys' (already loaded).
Package hobsub Info: Skipping package `pdftexcmds' (already loaded).
Package: pdfescape 2016/05/16 v1.14 Implements pdfTeX's escape features (HO)
Package: bigintcalc 2016/05/16 v1.4 Expandable calculations on big integers (HO
)
Package: bitset 2016/05/16 v1.2 Handle bit-vector datatype (HO)
Package: uniquecounter 2016/05/16 v1.3 Provide unlimited unique counter (HO)
)
Package hobsub Info: Skipping package `hobsub' (already loaded).
Package: letltxmacro 2016/05/16 v1.5 Let assignment for LaTeX macros (HO)
Package: hopatch 2016/05/16 v1.3 Wrapper for package hooks (HO)
Package: xcolor-patch 2016/05/16 xcolor patch
Package: atveryend 2016/05/16 v1.9 Hooks at the very end of document (HO)
Package atveryend Info: \enddocument detected (standard20110627).
Package: atbegshi 2016/05/16 v1.17 At begin shipout hook (HO)
Package: refcount 2016/05/16 v3.5 Data extraction from label references (HO)
Package: hycolor 2016/05/16 v1.8 Color options for hyperref/bookmark (HO)
)
(/usr/local/texlive/2016/texmf-dist/tex/generic/ifxetex/ifxetex.sty
Package: ifxetex 2010/09/12 v0.6 Provides ifxetex conditional
)
(/usr/local/texlive/2016/texmf-dist/tex/latex/oberdiek/auxhook.sty
Package: auxhook 2016/05/16 v1.4 Hooks for auxiliary files (HO)
)
\@linkdim=\dimen109
\Hy@linkcounter=\count93
\Hy@pagecounter=\count94

(/usr/local/texlive/2016/texmf-dist/tex/latex/hyperref/pd1enc.def
File: pd1enc.def 2016/05/05 v6.83n Hyperref: PDFDocEncoding definition (HO)
)
\Hy@SavedSpaceFactor=\count95

(/usr/local/texlive/2016/texmf-dist/tex/latex/latexconfig/hyperref.cfg
File: hyperref.cfg 2002/06/06 v1.2 hyperref configuration of TeXLive
)
Package hyperref Info: Hyper figures OFF on input line 4446.
Package hyperref Info: Link nesting OFF on input line 4451.
Package hyperref Info: Hyper index ON on input line 4454.
Package hyperref Info: Plain pages OFF on input line 4461.
Package hyperref Info: Backreferencing OFF on input line 4466.
Package hyperref Info: Implicit mode ON; LaTeX internals redefined.
Package hyperref Info: Bookmarks ON on input line 4691.
\c@Hy@tempcnt=\count96

(/usr/local/texlive/2016/texmf-dist/tex/latex/url/url.sty
\Urlmuskip=\muskip10
Package: url 2013/09/16  ver 3.4  Verb mode for urls, etc.
)
LaTeX Info: Redefining \url on input line 5044.
\XeTeXLinkMargin=\dimen110
\Fld@menulength=\count97
\Field@Width=\dimen111
\Fld@charsize=\dimen112
Package hyperref Info: Hyper figures OFF on input line 6298.
Package hyperref Info: Link nesting OFF on input line 6303.
Package hyperref Info: Hyper index ON on input line 6306.
Package hyperref Info: backreferencing OFF on input line 6313.
Package hyperref Info: Link coloring OFF on input line 6318.
Package hyperref Info: Link coloring with OCG OFF on input line 6323.
Package hyperref Info: PDF/A mode OFF on input line 6328.
LaTeX Info: Redefining \ref on input line 6368.
LaTeX Info: Redefining \pageref on input line 6372.
\Hy@abspage=\count98
\c@Item=\count99
\c@Hfootnote=\count100
)

Package hyperref Message: Driver (autodetected): hpdftex.

(/usr/local/texlive/2016/texmf-dist/tex/latex/hyperref/hpdftex.def
File: hpdftex.def 2016/05/05 v6.83n Hyperref driver for pdfTeX
\Fld@listcount=\count101
\c@bookmark@seq@number=\count102

(/usr/local/texlive/2016/texmf-dist/tex/latex/oberdiek/rerunfilecheck.sty
Package: rerunfilecheck 2016/05/16 v1.8 Rerun checks for auxiliary files (HO)
Package uniquecounter Info: New unique counter `rerunfilecheck' on input line 2
82.
)
\Hy@SectionHShift=\skip41
)
(/usr/local/texlive/2016/texmf-dist/tex/latex/subfigure/subfigure.sty
Package: subfigure 2002/03/15 v2.1.5 subfigure package
\subfigtopskip=\skip42
\subfigcapskip=\skip43
\subfigcaptopadj=\dimen113
\subfigbottomskip=\skip44
\subfigcapmargin=\dimen114
\subfiglabelskip=\skip45
\c@subfigure=\count103
\c@lofdepth=\count104
\c@subtable=\count105
\c@lotdepth=\count106

****************************************
* Local config file subfigure.cfg used *
****************************************
(/usr/local/texlive/2016/texmf-dist/tex/latex/subfigure/subfigure.cfg)
\subfig@top=\skip46
\subfig@bottom=\skip47
)
(/usr/local/texlive/2016/texmf-dist/tex/latex/amsmath/amsmath.sty
Package: amsmath 2016/03/10 v2.15b AMS math features
\@mathmargin=\skip48

For additional information on amsmath, use the `?' option.
(/usr/local/texlive/2016/texmf-dist/tex/latex/amsmath/amstext.sty
Package: amstext 2000/06/29 v2.01 AMS text

(/usr/local/texlive/2016/texmf-dist/tex/latex/amsmath/amsgen.sty
File: amsgen.sty 1999/11/30 v2.0 generic functions
\@emptytoks=\toks16
\ex@=\dimen115
))
(/usr/local/texlive/2016/texmf-dist/tex/latex/amsmath/amsbsy.sty
Package: amsbsy 1999/11/29 v1.2d Bold Symbols
\pmbraise@=\dimen116
)
(/usr/local/texlive/2016/texmf-dist/tex/latex/amsmath/amsopn.sty
Package: amsopn 2016/03/08 v2.02 operator names
)
\inf@bad=\count107
LaTeX Info: Redefining \frac on input line 199.
\uproot@=\count108
\leftroot@=\count109
LaTeX Info: Redefining \overline on input line 297.
\classnum@=\count110
\DOTSCASE@=\count111
LaTeX Info: Redefining \ldots on input line 394.
LaTeX Info: Redefining \dots on input line 397.
LaTeX Info: Redefining \cdots on input line 518.
\Mathstrutbox@=\box29
\strutbox@=\box30
\big@size=\dimen117
LaTeX Font Info:    Redeclaring font encoding OML on input line 634.
LaTeX Font Info:    Redeclaring font encoding OMS on input line 635.
\macc@depth=\count112
\c@MaxMatrixCols=\count113
\dotsspace@=\muskip11
\c@parentequation=\count114
\dspbrk@lvl=\count115
\tag@help=\toks17
\row@=\count116
\column@=\count117
\maxfields@=\count118
\andhelp@=\toks18
\eqnshift@=\dimen118
\alignsep@=\dimen119
\tagshift@=\dimen120
\tagwidth@=\dimen121
\totwidth@=\dimen122
\lineht@=\dimen123
\@envbody=\toks19
\multlinegap=\skip49
\multlinetaggap=\skip50
\mathdisplay@stack=\toks20
LaTeX Info: Redefining \[ on input line 2739.
LaTeX Info: Redefining \] on input line 2740.
)
(/usr/local/texlive/2016/texmf-dist/tex/latex/algorithms/algorithm.sty
Package: algorithm 2009/08/24 v0.1 Document Style `algorithm' - floating enviro
nment

(/usr/local/texlive/2016/texmf-dist/tex/latex/float/float.sty
Package: float 2001/11/08 v1.3d Float enhancements (AL)
\c@float@type=\count119
\float@exts=\toks21
\float@box=\box31
\@float@everytoks=\toks22
\@floatcapt=\box32
)
\@float@every@algorithm=\toks23
\c@algorithm=\count120
)
(/usr/local/texlive/2016/texmf-dist/tex/latex/algorithmicx/algpseudocode.sty
Package: algpseudocode 

(/usr/local/texlive/2016/texmf-dist/tex/latex/algorithmicx/algorithmicx.sty
Package: algorithmicx 2005/04/27 v1.2 Algorithmicx

Document Style algorithmicx 1.2 - a greatly improved `algorithmic' style
\c@ALG@line=\count121
\c@ALG@rem=\count122
\c@ALG@nested=\count123
\ALG@tlm=\skip51
\ALG@thistlm=\skip52
\c@ALG@Lnr=\count124
\c@ALG@blocknr=\count125
\c@ALG@storecount=\count126
\c@ALG@tmpcounter=\count127
\ALG@tmplength=\skip53
)
Document Style - pseudocode environments for use with the `algorithmicx' style
) (/usr/local/texlive/2016/texmf-dist/tex/latex/caption/caption.sty
Package: caption 2016/02/21 v3.3-144 Customizing captions (AR)

(/usr/local/texlive/2016/texmf-dist/tex/latex/caption/caption3.sty
Package: caption3 2016/02/04 v1.7-139 caption3 kernel (AR)
Package caption3 Info: TeX engine: e-TeX on input line 67.
\captionmargin=\dimen124
\captionmargin@=\dimen125
\captionwidth=\dimen126
\caption@tempdima=\dimen127
\caption@indent=\dimen128
\caption@parindent=\dimen129
\caption@hangindent=\dimen130
\abovecaptionskip=\skip54
\belowcaptionskip=\skip55
Package caption Info: Unknown document class (or package),
(caption)             standard defaults will be used.
)

Package caption Warning: Unsupported document class (or package) detected,
(caption)                usage of the caption package is not recommended.
See the caption package documentation for explanation.

Package caption Info: \@makecaption = \long macro:#1#2-> \par \addvspace {6pt}{
\tensf \setbox \@tempboxa \hbox {\egtsf #1.\quad #2}\ifdim \wd \@tempboxa >\hsi
ze {\egtsf #1.\quad \ignorespaces #2}\par \else \hbox to\hsize {\hfil \box \@te
mpboxa \hfil }\fi }.
\c@ContinuedFloat=\count128
Package caption Info: float package is loaded.
Package caption Info: hyperref package is loaded.
Package caption Info: subfigure package is loaded.
Package caption Info: wrapfig package is loaded.
)
Package hyperref Info: Option `colorlinks' set `true' on input line 27.
 (./idetc2018.aux

LaTeX Warning: Label `' multiply defined.


LaTeX Warning: Label `' multiply defined.


LaTeX Warning: Label `' multiply defined.

)
\openout1 = `idetc2018.aux'.

LaTeX Font Info:    Checking defaults for OML/cmm/m/it on input line 59.
LaTeX Font Info:    ... okay on input line 59.
LaTeX Font Info:    Checking defaults for T1/cmr/m/n on input line 59.
LaTeX Font Info:    ... okay on input line 59.
LaTeX Font Info:    Checking defaults for OT1/cmr/m/n on input line 59.
LaTeX Font Info:    ... okay on input line 59.
LaTeX Font Info:    Checking defaults for OMS/cmsy/m/n on input line 59.
LaTeX Font Info:    ... okay on input line 59.
LaTeX Font Info:    Checking defaults for OMX/cmex/m/n on input line 59.
LaTeX Font Info:    ... okay on input line 59.
LaTeX Font Info:    Checking defaults for U/cmr/m/n on input line 59.
LaTeX Font Info:    ... okay on input line 59.
LaTeX Font Info:    Checking defaults for PD1/pdf/m/n on input line 59.
LaTeX Font Info:    ... okay on input line 59.
LaTeX Font Info:    Try loading font information for OT1+ptm on input line 59.
 (/usr/local/texlive/2016/texmf-dist/tex/latex/psnfss/ot1ptm.fd
File: ot1ptm.fd 2001/06/04 font definitions for OT1/ptm.
)
(/usr/local/texlive/2016/texmf-dist/tex/context/base/mkii/supp-pdf.mkii
[Loading MPS to PDF converter (version 2006.09.02).]
\scratchcounter=\count129
\scratchdimen=\dimen131
\scratchbox=\box33
\nofMPsegments=\count130
\nofMParguments=\count131
\everyMPshowfont=\toks24
\MPscratchCnt=\count132
\MPscratchDim=\dimen132
\MPnumerator=\count133
\makeMPintoPDFobject=\count134
\everyMPtoPDFconversion=\toks25
)
\AtBeginShipoutBox=\box34
Package hyperref Info: Link coloring ON on input line 59.
 (/usr/local/texlive/2016/texmf-dist/tex/latex/hyperref/nameref.sty
Package: nameref 2012/10/27 v2.43 Cross-referencing by name of section

(/usr/local/texlive/2016/texmf-dist/tex/generic/oberdiek/gettitlestring.sty
Package: gettitlestring 2016/05/16 v1.5 Cleanup title references (HO)
)
\c@section@level=\count135
)
LaTeX Info: Redefining \ref on input line 59.
LaTeX Info: Redefining \pageref on input line 59.
LaTeX Info: Redefining \nameref on input line 59.

(./idetc2018.out) (./idetc2018.out)
\@outlinefile=\write3
\openout3 = `idetc2018.out'.

Package caption Info: Begin \AtBeginDocument code.
Package caption Info: End \AtBeginDocument code.
LaTeX Font Info:    Try loading font information for OT1+ptmcm on input line 61
.

(/usr/local/texlive/2016/texmf-dist/tex/latex/psnfss/ot1ptmcm.fd
File: ot1ptmcm.fd 2000/01/03 Fontinst v1.801 font definitions for OT1/ptmcm.
)
LaTeX Font Info:    Try loading font information for OML+ptmcm on input line 61
.

(/usr/local/texlive/2016/texmf-dist/tex/latex/psnfss/omlptmcm.fd
File: omlptmcm.fd 2000/01/03 Fontinst v1.801 font definitions for OML/ptmcm.
)
LaTeX Font Info:    Try loading font information for OMS+pzccm on input line 61
.

(/usr/local/texlive/2016/texmf-dist/tex/latex/psnfss/omspzccm.fd
File: omspzccm.fd 2000/01/03 Fontinst v1.801 font definitions for OMS/pzccm.
)
LaTeX Font Info:    Try loading font information for OMX+psycm on input line 61
.

(/usr/local/texlive/2016/texmf-dist/tex/latex/psnfss/omxpsycm.fd
File: omxpsycm.fd 2000/01/03 Fontinst v1.801 font definitions for OMX/psycm.
)
LaTeX Font Info:    Font shape `OT1/ptm/bx/n' in size <10> not available
(Font)              Font shape `OT1/ptm/b/n' tried instead on input line 61.
LaTeX Font Info:    Font shape `OT1/ptm/bx/n' in size <7.4> not available
(Font)              Font shape `OT1/ptm/b/n' tried instead on input line 61.
LaTeX Font Info:    Font shape `OT1/ptm/bx/n' in size <6> not available
(Font)              Font shape `OT1/ptm/b/n' tried instead on input line 61.

Underfull \hbox (badness 10000) detected at line 61
[]
 []

LaTeX Font Info:    Font shape `OT1/ptm/bx/n' in size <8> not available
(Font)              Font shape `OT1/ptm/b/n' tried instead on input line 61.
LaTeX Font Info:    Font shape `OT1/ptm/bx/n' in size <5> not available
(Font)              Font shape `OT1/ptm/b/n' tried instead on input line 61.

Overfull \hbox (39.74762pt too wide) in paragraph at lines 61--61
 [] 
 []


LaTeX Warning: Citation `chase' on page 1 undefined on input line 76.

Package epstopdf Info: Source file: <figure/fig_bspline.eps>
(epstopdf)                    date: 2018-02-26 11:24:37
(epstopdf)                    size: 30078 bytes
(epstopdf)             Output file: <figure/fig_bspline-eps-converted-to.pdf>
(epstopdf)                    date: 2018-02-26 11:25:28
(epstopdf)                    size: 34233 bytes
(epstopdf)             Command: <repstopdf --outfile=figure/fig_bspline-eps-con
verted-to.pdf figure/fig_bspline.eps>
(epstopdf)             \includegraphics on input line 103.
Package epstopdf Info: Output file is already uptodate.
<figure/fig_bspline-eps-converted-to.pdf, id=68, 722.7pt x 505.89pt>
File: figure/fig_bspline-eps-converted-to.pdf Graphic file (type pdf)

<use figure/fig_bspline-eps-converted-to.pdf>
Package pdftex.def Info: figure/fig_bspline-eps-converted-to.pdf used on input 
line 103.
(pdftex.def)             Requested size: 240.0pt x 168.00174pt.

Underfull \vbox (badness 10000) has occurred while \output is active []

LaTeX Font Info:    Try loading font information for OMS+ptm on input line 113.


(/usr/local/texlive/2016/texmf-dist/tex/latex/psnfss/omsptm.fd
File: omsptm.fd 
)
LaTeX Font Info:    Font shape `OMS/ptm/m/n' in size <10> not available
(Font)              Font shape `OMS/cmsy/m/n' tried instead on input line 113.
 [1{/usr/local/texlive/2016/texmf-var/fonts/map/pdftex/updmap/pdftex.map}


]
Package epstopdf Info: Source file: <figure/fig_curvatureK.eps>
(epstopdf)                    date: 2018-02-26 12:49:19
(epstopdf)                    size: 35641 bytes
(epstopdf)             Output file: <figure/fig_curvatureK-eps-converted-to.pdf
>
(epstopdf)                    date: 2018-02-26 13:20:22
(epstopdf)                    size: 47677 bytes
(epstopdf)             Command: <repstopdf --outfile=figure/fig_curvatureK-eps-
converted-to.pdf figure/fig_curvatureK.eps>
(epstopdf)             \includegraphics on input line 121.
Package epstopdf Info: Output file is already uptodate.

<figure/fig_curvatureK-eps-converted-to.pdf, id=93, 794.97pt x 505.89pt>
File: figure/fig_curvatureK-eps-converted-to.pdf Graphic file (type pdf)

<use figure/fig_curvatureK-eps-converted-to.pdf>
Package pdftex.def Info: figure/fig_curvatureK-eps-converted-to.pdf used on inp
ut line 121.
(pdftex.def)             Requested size: 240.0pt x 152.72534pt.
Package epstopdf Info: Source file: <figure/fig_signatures.eps>
(epstopdf)                    date: 2018-02-26 11:24:37
(epstopdf)                    size: 26567 bytes
(epstopdf)             Output file: <figure/fig_signatures-eps-converted-to.pdf
>
(epstopdf)                    date: 2018-02-26 11:25:29
(epstopdf)                    size: 27784 bytes
(epstopdf)             Command: <repstopdf --outfile=figure/fig_signatures-eps-
converted-to.pdf figure/fig_signatures.eps>
(epstopdf)             \includegraphics on input line 140.
Package epstopdf Info: Output file is already uptodate.

<figure/fig_signatures-eps-converted-to.pdf, id=99, 722.7pt x 505.89pt>
File: figure/fig_signatures-eps-converted-to.pdf Graphic file (type pdf)

<use figure/fig_signatures-eps-converted-to.pdf>
Package pdftex.def Info: figure/fig_signatures-eps-converted-to.pdf used on inp
ut line 140.
(pdftex.def)             Requested size: 240.0pt x 168.00174pt.
Package epstopdf Info: Source file: <figure/fig_whole_part.eps>
(epstopdf)                    date: 2018-02-26 11:24:37
(epstopdf)                    size: 22445 bytes
(epstopdf)             Output file: <figure/fig_whole_part-eps-converted-to.pdf
>
(epstopdf)                    date: 2018-02-26 11:25:30
(epstopdf)                    size: 21408 bytes
(epstopdf)             Command: <repstopdf --outfile=figure/fig_whole_part-eps-
converted-to.pdf figure/fig_whole_part.eps>
(epstopdf)             \includegraphics on input line 160.
Package epstopdf Info: Output file is already uptodate.

<figure/fig_whole_part-eps-converted-to.pdf, id=105, 722.7pt x 505.89pt>
File: figure/fig_whole_part-eps-converted-to.pdf Graphic file (type pdf)

<use figure/fig_whole_part-eps-converted-to.pdf>
Package pdftex.def Info: figure/fig_whole_part-eps-converted-to.pdf used on inp
ut line 160.
(pdftex.def)             Requested size: 240.0pt x 168.00174pt.
Package epstopdf Info: Source file: <figure/fig_ncc.eps>
(epstopdf)                    date: 2018-02-26 11:24:37
(epstopdf)                    size: 37183 bytes
(epstopdf)             Output file: <figure/fig_ncc-eps-converted-to.pdf>
(epstopdf)                    date: 2018-02-26 11:25:30
(epstopdf)                    size: 49459 bytes
(epstopdf)             Command: <repstopdf --outfile=figure/fig_ncc-eps-convert
ed-to.pdf figure/fig_ncc.eps>
(epstopdf)             \includegraphics on input line 167.
Package epstopdf Info: Output file is already uptodate.

<figure/fig_ncc-eps-converted-to.pdf, id=106, 722.7pt x 505.89pt>
File: figure/fig_ncc-eps-converted-to.pdf Graphic file (type pdf)

<use figure/fig_ncc-eps-converted-to.pdf>
Package pdftex.def Info: figure/fig_ncc-eps-converted-to.pdf used on input line
 167.
(pdftex.def)             Requested size: 240.0pt x 168.00174pt.
LaTeX Font Info:    Font shape `OT1/ptm/bx/n' in size <9> not available
(Font)              Font shape `OT1/ptm/b/n' tried instead on input line 168.
LaTeX Font Info:    Font shape `OT1/ptm/bx/n' in size <7> not available
(Font)              Font shape `OT1/ptm/b/n' tried instead on input line 168.
Package epstopdf Info: Source file: <figure/fig_motion_signatures.eps>
(epstopdf)                    date: 2018-02-28 18:51:14
(epstopdf)                    size: 28176 bytes
(epstopdf)             Output file: <figure/fig_motion_signatures-eps-converted
-to.pdf>
(epstopdf)                    date: 2018-02-28 18:54:28
(epstopdf)                    size: 29298 bytes
(epstopdf)             Command: <repstopdf --outfile=figure/fig_motion_signatur
es-eps-converted-to.pdf figure/fig_motion_signatures.eps>
(epstopdf)             \includegraphics on input line 180.
Package epstopdf Info: Output file is already uptodate.

<figure/fig_motion_signatures-eps-converted-to.pdf, id=110, 722.7pt x 505.89pt>
File: figure/fig_motion_signatures-eps-converted-to.pdf Graphic file (type pdf)

<use figure/fig_motion_signatures-eps-converted-to.pdf>
Package pdftex.def Info: figure/fig_motion_signatures-eps-converted-to.pdf used
 on input line 180.
(pdftex.def)             Requested size: 240.0pt x 168.00174pt.
 [2 <./figure/fig_bspline-eps-converted-to.pdf> <./figure/fig_curvatureK-eps-co
nverted-to.pdf> <./figure/fig_signatures-eps-converted-to.pdf>]
LaTeX Font Info:    Font shape `OT1/ptm/bx/it' in size <10> not available
(Font)              Font shape `OT1/ptm/b/it' tried instead on input line 190.
Package epstopdf Info: Source file: <figure/fig_fourbar.eps>
(epstopdf)                    date: 2018-02-26 22:44:35
(epstopdf)                    size: 185173 bytes
(epstopdf)             Output file: <figure/fig_fourbar-eps-converted-to.pdf>
(epstopdf)                    date: 2018-02-26 22:44:43
(epstopdf)                    size: 130681 bytes
(epstopdf)             Command: <repstopdf --outfile=figure/fig_fourbar-eps-con
verted-to.pdf figure/fig_fourbar.eps>
(epstopdf)             \includegraphics on input line 197.
Package epstopdf Info: Output file is already uptodate.

<figure/fig_fourbar-eps-converted-to.pdf, id=228, 279.0425pt x 180.675pt>
File: figure/fig_fourbar-eps-converted-to.pdf Graphic file (type pdf)

<use figure/fig_fourbar-eps-converted-to.pdf>
Package pdftex.def Info: figure/fig_fourbar-eps-converted-to.pdf used on input 
line 197.
(pdftex.def)             Requested size: 240.0pt x 155.3995pt.


LaTeX Warning: Citation `watts1998' on page 3 undefined on input line 221.

[3 <./figure/fig_whole_part-eps-converted-to.pdf> <./figure/fig_ncc-eps-convert
ed-to.pdf> <./figure/fig_motion_signatures-eps-converted-to.pdf> <./figure/fig_
fourbar-eps-converted-to.pdf>]
Package epstopdf Info: Source file: <figure/fig_sa_coupler_curves.eps>
(epstopdf)                    date: 2018-02-28 18:51:14
(epstopdf)                    size: 49475 bytes
(epstopdf)             Output file: <figure/fig_sa_coupler_curves-eps-converted
-to.pdf>
(epstopdf)                    date: 2018-02-28 20:07:11
(epstopdf)                    size: 23667 bytes
(epstopdf)             Command: <repstopdf --outfile=figure/fig_sa_coupler_curv
es-eps-converted-to.pdf figure/fig_sa_coupler_curves.eps>
(epstopdf)             \includegraphics on input line 225.
Package epstopdf Info: Output file is already uptodate.

<figure/fig_sa_coupler_curves-eps-converted-to.pdf, id=346, 722.7pt x 505.89pt>
File: figure/fig_sa_coupler_curves-eps-converted-to.pdf Graphic file (type pdf)

<use figure/fig_sa_coupler_curves-eps-converted-to.pdf>
Package pdftex.def Info: figure/fig_sa_coupler_curves-eps-converted-to.pdf used
 on input line 225.
(pdftex.def)             Requested size: 240.0pt x 168.00174pt.
Package epstopdf Info: Source file: <figure/fig_sa_heatmap.eps>
(epstopdf)                    date: 2018-02-28 18:51:14
(epstopdf)                    size: 3189905 bytes
(epstopdf)             Output file: <figure/fig_sa_heatmap-eps-converted-to.pdf
>
(epstopdf)                    date: 2018-02-28 20:07:12
(epstopdf)                    size: 23526 bytes
(epstopdf)             Command: <repstopdf --outfile=figure/fig_sa_heatmap-eps-
converted-to.pdf figure/fig_sa_heatmap.eps>
(epstopdf)             \includegraphics on input line 232.
Package epstopdf Info: Output file is already uptodate.

<figure/fig_sa_heatmap-eps-converted-to.pdf, id=347, 722.7pt x 505.89pt>
File: figure/fig_sa_heatmap-eps-converted-to.pdf Graphic file (type pdf)

<use figure/fig_sa_heatmap-eps-converted-to.pdf>
Package pdftex.def Info: figure/fig_sa_heatmap-eps-converted-to.pdf used on inp
ut line 232.
(pdftex.def)             Requested size: 240.0pt x 168.00174pt.
Package epstopdf Info: Source file: <figure/fig_sa_graph.eps>
(epstopdf)                    date: 2018-02-28 19:00:50
(epstopdf)                    size: 31585 bytes
(epstopdf)             Output file: <figure/fig_sa_graph-eps-converted-to.pdf>
(epstopdf)                    date: 2018-02-28 19:01:06
(epstopdf)                    size: 12639 bytes
(epstopdf)             Command: <repstopdf --outfile=figure/fig_sa_graph-eps-co
nverted-to.pdf figure/fig_sa_graph.eps>
(epstopdf)             \includegraphics on input line 239.
Package epstopdf Info: Output file is already uptodate.

<figure/fig_sa_graph-eps-converted-to.pdf, id=348, 1107.13625pt x 899.36pt>
File: figure/fig_sa_graph-eps-converted-to.pdf Graphic file (type pdf)

<use figure/fig_sa_graph-eps-converted-to.pdf>
Package pdftex.def Info: figure/fig_sa_graph-eps-converted-to.pdf used on input
 line 239.
(pdftex.def)             Requested size: 240.0pt x 194.9505pt.
Package epstopdf Info: Source file: <figure/fig_logNormal.eps>
(epstopdf)                    date: 2018-02-26 23:37:12
(epstopdf)                    size: 32353 bytes
(epstopdf)             Output file: <figure/fig_logNormal-eps-converted-to.pdf>

(epstopdf)                    date: 2018-02-26 23:37:37
(epstopdf)                    size: 13954 bytes
(epstopdf)             Command: <repstopdf --outfile=figure/fig_logNormal-eps-c
onverted-to.pdf figure/fig_logNormal.eps>
(epstopdf)             \includegraphics on input line 261.
Package epstopdf Info: Output file is already uptodate.

<figure/fig_logNormal-eps-converted-to.pdf, id=351, 722.7pt x 505.89pt>
File: figure/fig_logNormal-eps-converted-to.pdf Graphic file (type pdf)

<use figure/fig_logNormal-eps-converted-to.pdf>
Package pdftex.def Info: figure/fig_logNormal-eps-converted-to.pdf used on inpu
t line 261.
(pdftex.def)             Requested size: 240.0pt x 168.00174pt.
 [4 <./figure/fig_sa_coupler_curves-eps-converted-to.pdf> <./figure/fig_sa_heat
map-eps-converted-to.pdf> <./figure/fig_sa_graph-eps-converted-to.pdf>]
Package epstopdf Info: Source file: <figure/fig_auto_encoder.eps>
(epstopdf)                    date: 2018-02-28 00:28:31
(epstopdf)                    size: 390854 bytes
(epstopdf)             Output file: <figure/fig_auto_encoder-eps-converted-to.p
df>
(epstopdf)                    date: 2018-02-28 00:28:38
(epstopdf)                    size: 388298 bytes
(epstopdf)             Command: <repstopdf --outfile=figure/fig_auto_encoder-ep
s-converted-to.pdf figure/fig_auto_encoder.eps>
(epstopdf)             \includegraphics on input line 305.
Package epstopdf Info: Output file is already uptodate.

<figure/fig_auto_encoder-eps-converted-to.pdf, id=447, 438.63875pt x 357.335pt>
File: figure/fig_auto_encoder-eps-converted-to.pdf Graphic file (type pdf)
<use figure/fig_auto_encoder-eps-converted-to.pdf>
Package pdftex.def Info: figure/fig_auto_encoder-eps-converted-to.pdf used on i
nput line 305.
(pdftex.def)             Requested size: 240.0pt x 195.51523pt.
Package hyperref Info: bookmark level for unknown algorithm defaults to 0 on in
put line 313.


LaTeX Warning: Reference `h1h2' on page 5 undefined on input line 326.


LaTeX Warning: Reference `nonlinEq' on page 5 undefined on input line 330.


LaTeX Warning: Reference `kkt1' on page 5 undefined on input line 336.


Underfull \hbox (badness 10000) in paragraph at lines 336--337
[] \OT1/ptm/m/n/10 Take par-tial deriva-tives of $\OML/ptmcm/m/it/10 F$ \OT1/pt
m/m/n/10 w.r.t.
 []


Underfull \hbox (badness 1622) in paragraph at lines 336--337
\OML/ptmcm/m/it/10 []$\OT1/ptm/m/n/10 ,..,$\OML/ptmcm/m/it/10 []$\OT1/ptm/m/n
/10 ,$\OML/ptmcm/m/it/10 ^^U[]$\OT1/ptm/m/n/10 ,..,$\OML/ptmcm/m/it/10 ^^U[]$ \
OT1/ptm/m/n/10 to form a sys-tem of Equa-
 []


LaTeX Warning: Reference `5pos' on page 5 undefined on input line 348.


LaTeX Warning: Reference `5pos' on page 5 undefined on input line 348.


LaTeX Warning: Reference `5pos' on page 5 undefined on input line 365.


LaTeX Warning: Reference `5pos' on page 5 undefined on input line 365.


LaTeX Warning: Reference `5pos' on page 5 undefined on input line 381.


LaTeX Warning: Reference `5pos' on page 5 undefined on input line 381.

Package epstopdf Info: Source file: <figure/fig1.eps>
(epstopdf)                    date: 2018-02-23 16:48:10
(epstopdf)                    size: 600793 bytes
(epstopdf)             Output file: <figure/fig1-eps-converted-to.pdf>
(epstopdf)                    date: 2018-02-23 16:48:10
(epstopdf)                    size: 345594 bytes
(epstopdf)             Command: <repstopdf --outfile=figure/fig1-eps-converted-
to.pdf figure/fig1.eps>
(epstopdf)             \includegraphics on input line 396.
Package epstopdf Info: Output file is already uptodate.
<figure/fig1-eps-converted-to.pdf, id=448, 495.8525pt x 473.77pt>
File: figure/fig1-eps-converted-to.pdf Graphic file (type pdf)

<use figure/fig1-eps-converted-to.pdf>
Package pdftex.def Info: figure/fig1-eps-converted-to.pdf used on input line 39
6.
(pdftex.def)             Requested size: 200.0pt x 191.09505pt.


LaTeX Warning: Reference `5pos' on page 5 undefined on input line 397.


LaTeX Warning: Reference `5pos' on page 5 undefined on input line 397.

Package epstopdf Info: Source file: <figure/fig2.eps>
(epstopdf)                    date: 2018-02-23 16:48:10
(epstopdf)                    size: 113279 bytes
(epstopdf)             Output file: <figure/fig2-eps-converted-to.pdf>
(epstopdf)                    date: 2018-02-23 16:48:10
(epstopdf)                    size: 110373 bytes
(epstopdf)             Command: <repstopdf --outfile=figure/fig2-eps-converted-
to.pdf figure/fig2.eps>
(epstopdf)             \includegraphics on input line 404.
Package epstopdf Info: Output file is already uptodate.
<figure/fig2-eps-converted-to.pdf, id=449, 200.75pt x 200.75pt>
File: figure/fig2-eps-converted-to.pdf Graphic file (type pdf)

<use figure/fig2-eps-converted-to.pdf>
Package pdftex.def Info: figure/fig2-eps-converted-to.pdf used on input line 40
4.
(pdftex.def)             Requested size: 230.0pt x 230.01524pt.
 [5 <./figure/fig_logNormal-eps-converted-to.pdf> <./figure/fig_auto_encoder-ep
s-converted-to.pdf>]

LaTeX Warning: Reference `A8' on page 6 undefined on input line 460.


LaTeX Warning: Reference `poseError' on page 6 undefined on input line 462.


LaTeX Warning: Reference `solutionSpace' on page 6 undefined on input line 462.



LaTeX Warning: Reference `ellipseIneq' on page 6 undefined on input line 467.


LaTeX Warning: Reference `g' on page 6 undefined on input line 467.

[6 <./figure/fig1-eps-converted-to.pdf>]
Overfull \hbox (11.32126pt too wide) in alignment at lines 474--479
 [][][] []
 []


Underfull \vbox (badness 10000) has occurred while \output is active []



LaTeX Warning: Reference `lagrangeMultiplier' on page 7 undefined on input line
 480.


Overfull \hbox (22.16008pt too wide) detected at line 490
[]
 []

[7 <./figure/fig2-eps-converted-to.pdf>]
Overfull \hbox (10.7044pt too wide) detected at line 520
[]
 []


LaTeX Warning: Reference `kkt2' on page 8 undefined on input line 522.


LaTeX Warning: Reference `kkt3' on page 8 undefined on input line 522.


LaTeX Warning: Reference `solutionSpace' on page 8 undefined on input line 522.



LaTeX Warning: Reference `general' on page 8 undefined on input line 522.

Package epstopdf Info: Source file: <figure/fig3.eps>
(epstopdf)                    date: 2018-02-23 16:48:10
(epstopdf)                    size: 135989 bytes
(epstopdf)             Output file: <figure/fig3-eps-converted-to.pdf>
(epstopdf)                    date: 2018-02-23 16:48:10
(epstopdf)                    size: 133471 bytes
(epstopdf)             Command: <repstopdf --outfile=figure/fig3-eps-converted-
to.pdf figure/fig3.eps>
(epstopdf)             \includegraphics on input line 558.
Package epstopdf Info: Output file is already uptodate.
<figure/fig3-eps-converted-to.pdf, id=539, 200.75pt x 200.75pt>
File: figure/fig3-eps-converted-to.pdf Graphic file (type pdf)

<use figure/fig3-eps-converted-to.pdf>
Package pdftex.def Info: figure/fig3-eps-converted-to.pdf used on input line 55
8.
(pdftex.def)             Requested size: 230.0pt x 230.01524pt.
Package epstopdf Info: Source file: <figure/fig4.eps>
(epstopdf)                    date: 2018-02-23 16:48:10
(epstopdf)                    size: 618780 bytes
(epstopdf)             Output file: <figure/fig4-eps-converted-to.pdf>
(epstopdf)                    date: 2018-02-23 16:48:10
(epstopdf)                    size: 150518 bytes
(epstopdf)             Command: <repstopdf --outfile=figure/fig4-eps-converted-
to.pdf figure/fig4.eps>
(epstopdf)             \includegraphics on input line 565.
Package epstopdf Info: Output file is already uptodate.

<figure/fig4-eps-converted-to.pdf, id=544, 272.01625pt x 253.94875pt>
File: figure/fig4-eps-converted-to.pdf Graphic file (type pdf)

<use figure/fig4-eps-converted-to.pdf>
Package pdftex.def Info: figure/fig4-eps-converted-to.pdf used on input line 56
5.
(pdftex.def)             Requested size: 250.0pt x 233.40706pt.

Overfull \hbox (8.61792pt too wide) in paragraph at lines 565--566
 [][] 
 []


Underfull \vbox (badness 1132) has occurred while \output is active []

 [8 <./figure/fig3-eps-converted-to.pdf> <./figure/fig4-eps-converted-to.pdf>]
(./idetc2018.bbl
Missing character: There is no Ã in font ptmr7t!
Missing character: There is no ¤ in font ptmr7t!

Underfull \hbox (badness 3189) in paragraph at lines 49--52
[]\OT1/ptm/m/n/10 Song, C., Liu, F., Huang, Y., Wang, L., and
 []


Underfull \hbox (badness 1845) in paragraph at lines 49--52
\OT1/ptm/m/n/10 Tan, T., 2013, ``Auto-encoder based data clus-ter-
 []

) [9] (./idetc2018.lot

LaTeX Warning: Reference `5pos' on page 10 undefined on input line 1.


LaTeX Warning: Reference `5pos' on page 10 undefined on input line 2.


LaTeX Warning: Reference `5pos' on page 10 undefined on input line 3.

)
\tf@lot=\write4
\openout4 = `idetc2018.lot'.

 (./idetc2018.lof

LaTeX Warning: Reference `5pos' on page 10 undefined on input line 13.


Underfull \hbox (badness 1178) in paragraph at lines 13--13
 \OT1/ptm/m/n/10 that min-i-mizes al-ge-braic fit-ting er-ror for 
 []

)
\tf@lof=\write5
\openout5 = `idetc2018.lof'.

Package atveryend Info: Empty hook `BeforeClearDocument' on input line 584.
 [10

]
Package atveryend Info: Empty hook `AfterLastShipout' on input line 584.
 (./idetc2018.aux)
Package atveryend Info: Executing hook `AtVeryEndDocument' on input line 584.
Package atveryend Info: Executing hook `AtEndAfterFileList' on input line 584.
Package rerunfilecheck Info: File `idetc2018.out' has not changed.
(rerunfilecheck)             Checksum: F6B5EF634144237D02FD3C968DE27F1F;1027.


LaTeX Warning: There were undefined references.


LaTeX Warning: There were multiply-defined labels.

Package atveryend Info: Empty hook `AtVeryVeryEnd' on input line 584.
 ) 
Here is how much of TeX's memory you used:
 8177 strings out of 493014
 124602 string characters out of 6133351
 233556 words of memory out of 5000000
 11454 multiletter control sequences out of 15000+600000
 61081 words of font info for 114 fonts, out of 8000000 for 9000
 1141 hyphenation exceptions out of 8191
 42i,15n,39p,1436b,418s stack positions out of 5000i,500n,10000p,200000b,80000s
{/usr/local/texlive/2016/texmf-dist/fonts/enc/dvips/base/8r.enc}</usr/local/t
exlive/2016/texmf-dist/fonts/type1/public/amsfonts/cm/cmex10.pfb></usr/local/te
xlive/2016/texmf-dist/fonts/type1/public/amsfonts/cmextra/cmex9.pfb></usr/local
/texlive/2016/texmf-dist/fonts/type1/public/amsfonts/cm/cmmi10.pfb></usr/local/
texlive/2016/texmf-dist/fonts/type1/public/amsfonts/cm/cmr10.pfb></usr/local/te
xlive/2016/texmf-dist/fonts/type1/public/amsfonts/cm/cmsy10.pfb></usr/local/tex
live/2016/texmf-dist/fonts/type1/urw/helvetic/uhvb8a.pfb></usr/local/texlive/20
16/texmf-dist/fonts/type1/urw/helvetic/uhvr8a.pfb></usr/local/texlive/2016/texm
f-dist/fonts/type1/urw/symbol/usyr.pfb></usr/local/texlive/2016/texmf-dist/font
s/type1/urw/times/utmb8a.pfb></usr/local/texlive/2016/texmf-dist/fonts/type1/ur
w/times/utmbi8a.pfb></usr/local/texlive/2016/texmf-dist/fonts/type1/urw/times/u
tmr8a.pfb></usr/local/texlive/2016/texmf-dist/fonts/type1/urw/times/utmri8a.pfb
></usr/local/texlive/2016/texmf-dist/fonts/type1/urw/zapfchan/uzcmi8a.pfb>
Output written on idetc2018.pdf (10 pages, 1657301 bytes).
PDF statistics:
 718 PDF objects out of 1000 (max. 8388607)
 400 compressed objects within 4 object streams
 86 named destinations out of 1000 (max. 500000)
 193 words of extra memory for PDF output out of 10000 (max. 10000000)

